1695170336.609971 client started (1079853): version 3.0a, socket /tmp/tmux-1000/default, protocol 8
1695170336.609986 on Linux 5.15.0-82-generic #91~20.04.1-Ubuntu SMP Fri Aug 18 16:24:39 UTC 2023; libevent 2.1.11-stable (poll)
1695170336.609995 socket is /tmp/tmux-1000/default
1695170336.610003 trying connect
1695170336.610043 add peer 0x55caca2bf1e0: 6 ((nil))
1695170336.610079 sending message 100 to peer 0x55caca2bf1e0 (4 bytes)
1695170336.610084 sending message 101 to peer 0x55caca2bf1e0 (15 bytes)
1695170336.610087 sending message 102 to peer 0x55caca2bf1e0 (12 bytes)
1695170336.610090 sending message 108 to peer 0x55caca2bf1e0 (25 bytes)
1695170336.610093 sending message 104 to peer 0x55caca2bf1e0 (0 bytes)
1695170336.610096 sending message 107 to peer 0x55caca2bf1e0 (4 bytes)
1695170336.610099 sending message 105 to peer 0x55caca2bf1e0 (15 bytes)
1695170336.610101 sending message 105 to peer 0x55caca2bf1e0 (18 bytes)
1695170336.610104 sending message 105 to peer 0x55caca2bf1e0 (23 bytes)
1695170336.610107 sending message 105 to peer 0x55caca2bf1e0 (20 bytes)
1695170336.610110 sending message 105 to peer 0x55caca2bf1e0 (24 bytes)
1695170336.610112 sending message 105 to peer 0x55caca2bf1e0 (29 bytes)
1695170336.610115 sending message 105 to peer 0x55caca2bf1e0 (11 bytes)
1695170336.610117 sending message 105 to peer 0x55caca2bf1e0 (21 bytes)
1695170336.610120 sending message 105 to peer 0x55caca2bf1e0 (15 bytes)
1695170336.610123 sending message 105 to peer 0x55caca2bf1e0 (14 bytes)
1695170336.610125 sending message 105 to peer 0x55caca2bf1e0 (17 bytes)
1695170336.610128 sending message 105 to peer 0x55caca2bf1e0 (21 bytes)
1695170336.610130 sending message 105 to peer 0x55caca2bf1e0 (51 bytes)
1695170336.610132 sending message 105 to peer 0x55caca2bf1e0 (23 bytes)
1695170336.610135 sending message 105 to peer 0x55caca2bf1e0 (30 bytes)
1695170336.610137 sending message 105 to peer 0x55caca2bf1e0 (8 bytes)
1695170336.610140 sending message 105 to peer 0x55caca2bf1e0 (8 bytes)
1695170336.610142 sending message 105 to peer 0x55caca2bf1e0 (25 bytes)
1695170336.610146 sending message 105 to peer 0x55caca2bf1e0 (27 bytes)
1695170336.610149 sending message 105 to peer 0x55caca2bf1e0 (20 bytes)
1695170336.610151 sending message 105 to peer 0x55caca2bf1e0 (13 bytes)
1695170336.610153 sending message 105 to peer 0x55caca2bf1e0 (31 bytes)
1695170336.610156 sending message 105 to peer 0x55caca2bf1e0 (33 bytes)
1695170336.610158 sending message 105 to peer 0x55caca2bf1e0 (20 bytes)
1695170336.610165 sending message 105 to peer 0x55caca2bf1e0 (353 bytes)
1695170336.610168 sending message 105 to peer 0x55caca2bf1e0 (54 bytes)
1695170336.610171 sending message 105 to peer 0x55caca2bf1e0 (23 bytes)
1695170336.610174 sending message 105 to peer 0x55caca2bf1e0 (32 bytes)
1695170336.610176 sending message 105 to peer 0x55caca2bf1e0 (16 bytes)
1695170336.610179 sending message 105 to peer 0x55caca2bf1e0 (49 bytes)
1695170336.610182 sending message 105 to peer 0x55caca2bf1e0 (11 bytes)
1695170336.610184 sending message 105 to peer 0x55caca2bf1e0 (8 bytes)
1695170336.610187 sending message 105 to peer 0x55caca2bf1e0 (32 bytes)
1695170336.610189 sending message 105 to peer 0x55caca2bf1e0 (1506 bytes)
1695170336.610193 sending message 105 to peer 0x55caca2bf1e0 (39 bytes)
1695170336.610196 sending message 105 to peer 0x55caca2bf1e0 (7 bytes)
1695170336.610198 sending message 105 to peer 0x55caca2bf1e0 (11 bytes)
1695170336.610201 sending message 105 to peer 0x55caca2bf1e0 (47 bytes)
1695170336.610204 sending message 105 to peer 0x55caca2bf1e0 (14 bytes)
1695170336.610206 sending message 105 to peer 0x55caca2bf1e0 (32 bytes)
1695170336.610209 sending message 105 to peer 0x55caca2bf1e0 (23 bytes)
1695170336.610211 sending message 105 to peer 0x55caca2bf1e0 (30 bytes)
1695170336.610214 sending message 105 to peer 0x55caca2bf1e0 (21 bytes)
1695170336.610216 sending message 105 to peer 0x55caca2bf1e0 (29 bytes)
1695170336.610219 sending message 105 to peer 0x55caca2bf1e0 (100 bytes)
1695170336.610222 sending message 105 to peer 0x55caca2bf1e0 (20 bytes)
1695170336.610228 sending message 105 to peer 0x55caca2bf1e0 (28 bytes)
1695170336.610231 sending message 105 to peer 0x55caca2bf1e0 (20 bytes)
1695170336.610234 sending message 105 to peer 0x55caca2bf1e0 (112 bytes)
1695170336.610236 sending message 105 to peer 0x55caca2bf1e0 (98 bytes)
1695170336.610239 sending message 105 to peer 0x55caca2bf1e0 (31 bytes)
1695170336.610242 sending message 105 to peer 0x55caca2bf1e0 (129 bytes)
1695170336.610244 sending message 105 to peer 0x55caca2bf1e0 (64 bytes)
1695170336.610247 sending message 105 to peer 0x55caca2bf1e0 (88 bytes)
1695170336.610249 sending message 105 to peer 0x55caca2bf1e0 (19 bytes)
1695170336.610252 sending message 105 to peer 0x55caca2bf1e0 (17 bytes)
1695170336.610255 sending message 105 to peer 0x55caca2bf1e0 (22 bytes)
1695170336.610257 sending message 105 to peer 0x55caca2bf1e0 (20 bytes)
1695170336.610260 sending message 106 to peer 0x55caca2bf1e0 (0 bytes)
1695170336.610263 sending message 200 to peer 0x55caca2bf1e0 (4 bytes)
1695170336.610265 client loop enter
1695170336.611514 peer 0x55caca2bf1e0 message 207
1695170336.611524 sending message 208 to peer 0x55caca2bf1e0 (0 bytes)
1695170339.124111 peer 0x55caca2bf1e0 message 203
1695170339.124125 sending message 205 to peer 0x55caca2bf1e0 (0 bytes)
1695170339.124284 peer 0x55caca2bf1e0 message 204
1695170339.124291 client loop exit
